<?xml version="1.0" encoding="UTF-8"?>
<!-- Generated by org.testng.reporters.JUnitXMLReporter -->
<testsuite ignored="18" hostname="DESKTOP-U4NPF4U" failures="0" tests="1" name="Default test" time="19.819" errors="0" timestamp="2023-06-05T12:46:37 CEST">
  <testcase classname="Tests.PlaygroundTests" name="progreessBarTest" time="18.212"/>
  <testcase classname="Tests.PlaygroundTests" name="shadowDomTest" time="0.0">
    <ignored/>
  </testcase> <!-- shadowDomTest -->
  <testcase classname="Tests.PlaygroundTests" name="sampleAppTest" time="0.0">
    <ignored/>
  </testcase> <!-- sampleAppTest -->
  <testcase classname="Tests.PlaygroundTests" name="hiddenLayersTest" time="0.0">
    <ignored/>
  </testcase> <!-- hiddenLayersTest -->
  <testcase classname="Tests.PlaygroundTests" name="overlappedElementTest" time="0.0">
    <ignored/>
  </testcase> <!-- overlappedElementTest -->
  <testcase classname="Tests.PlaygroundTests" name="loadDelayTest" time="0.0">
    <ignored/>
  </testcase> <!-- loadDelayTest -->
  <testcase classname="Tests.PlaygroundTests" name="visibilityTest" time="0.0">
    <ignored/>
  </testcase> <!-- visibilityTest -->
  <testcase classname="Tests.PlaygroundTests" name="ajaxRequestTest" time="0.0">
    <ignored/>
  </testcase> <!-- ajaxRequestTest -->
  <testcase classname="Tests.PlaygroundTests" name="scrollBarsTest" time="0.0">
    <ignored/>
  </testcase> <!-- scrollBarsTest -->
  <testcase classname="Tests.PlaygroundTests" name="dynamicTableTest" time="0.0">
    <ignored/>
  </testcase> <!-- dynamicTableTest -->
  <testcase classname="Tests.PlaygroundTests" name="dynamicIdTest" time="0.0">
    <ignored/>
  </testcase> <!-- dynamicIdTest -->
  <testcase classname="Tests.PlaygroundTests" name="verifyTextTest" time="0.0">
    <ignored/>
  </testcase> <!-- verifyTextTest -->
  <testcase classname="Tests.PlaygroundTests" name="nonBreakingSpaceTest" time="0.0">
    <ignored/>
  </testcase> <!-- nonBreakingSpaceTest -->
  <testcase classname="Tests.PlaygroundTests" name="mouseOverTest" time="0.0">
    <ignored/>
  </testcase> <!-- mouseOverTest -->
  <testcase classname="Tests.PlaygroundTests" name="ajaxRequestTestWithVisibility" time="0.0">
    <ignored/>
  </testcase> <!-- ajaxRequestTestWithVisibility -->
  <testcase classname="Tests.PlaygroundTests" name="clientSideDelayTest" time="0.0">
    <ignored/>
  </testcase> <!-- clientSideDelayTest -->
  <testcase classname="Tests.PlaygroundTests" name="textInputTest" time="0.0">
    <ignored/>
  </testcase> <!-- textInputTest -->
  <testcase classname="Tests.PlaygroundTests" name="clickTest" time="0.0">
    <ignored/>
  </testcase> <!-- clickTest -->
  <testcase classname="Tests.PlaygroundTests" name="classAttributeTest" time="0.0">
    <ignored/>
  </testcase> <!-- classAttributeTest -->
</testsuite> <!-- Default test -->
