<?xml version="1.0" encoding="UTF-8"?>
<testng-results ignored="18" total="19" passed="1" failed="0" skipped="0">
  <reporter-output>
  </reporter-output>
  <suite started-at="2023-06-05T12:46:17 CEST" name="Default suite" finished-at="2023-06-05T12:46:37 CEST" duration-ms="19819">
    <groups>
    </groups>
    <test started-at="2023-06-05T12:46:17 CEST" name="Default test" finished-at="2023-06-05T12:46:37 CEST" duration-ms="19819">
      <class name="Tests.PlaygroundTests">
        <test-method is-config="true" signature="setUp()[pri:0, instance:Tests.PlaygroundTests@3d7b1f1c]" started-at="2023-06-05T12:46:17 CEST" name="setUp" finished-at="2023-06-05T12:46:19 CEST" duration-ms="1509" status="PASS">
          <reporter-output>
          </reporter-output>
        </test-method> <!-- setUp -->
        <test-method signature="progreessBarTest()[pri:0, instance:Tests.PlaygroundTests@3d7b1f1c]" started-at="2023-06-05T12:46:19 CEST" name="progreessBarTest" finished-at="2023-06-05T12:46:37 CEST" duration-ms="18212" status="PASS">
          <reporter-output>
          </reporter-output>
        </test-method> <!-- progreessBarTest -->
        <test-method is-config="true" signature="tearDown()[pri:0, instance:Tests.PlaygroundTests@3d7b1f1c]" started-at="2023-06-05T12:46:37 CEST" name="tearDown" finished-at="2023-06-05T12:46:37 CEST" duration-ms="74" status="PASS">
          <reporter-output>
          </reporter-output>
        </test-method> <!-- tearDown -->
      </class> <!-- Tests.PlaygroundTests -->
    </test> <!-- Default test -->
  </suite> <!-- Default suite -->
</testng-results>
